[2025-04-10 23:50:25] Shell starting up - PID: 19639, User: Kareemnat12
[2025-04-10 23:50:25] Initializing shell environment
[2025-04-10 23:50:25] Loading dangerous commands file: ./f.txt
[2025-04-10 23:50:25] Entered read_file_lines() for file: ./f.txt
[2025-04-10 23:50:25] Entered count_lines() for file: ./f.txt
[2025-04-10 23:50:25] Counting lines in file
[2025-04-10 23:50:25] File contains 4 lines
[2025-04-10 23:50:25] Exiting count_lines() with result: 4
[2025-04-10 23:50:25] Opening file for reading
[2025-04-10 23:50:25] Allocating memory for 4 lines
[2025-04-10 23:50:25] Reading lines from file
[2025-04-10 23:50:25] Read line 0: "rm -rf /"
[2025-04-10 23:50:25] Read line 1: "sudo reboot"
[2025-04-10 23:50:25] Read line 2: "shutdown -h now"
[2025-04-10 23:50:25] Read line 3: "mkfs.ext4 /dev/sda"
[2025-04-10 23:50:25] Successfully read 4 lines from file
[2025-04-10 23:50:25] Exiting read_file_lines()
[2025-04-10 23:50:25] Loaded 4 dangerous commands
[2025-04-10 23:50:25] Entering command processing loop
[2025-04-10 23:50:25] Waiting for user input
[2025-04-10 23:50:25] Entered get_string()
[2025-04-10 23:50:25] Allocating initial buffer of size 1024
[2025-04-10 23:50:25] Reading input characters
[2025-04-10 23:50:30] Input read complete, length: 5 characters
[2025-04-10 23:50:30] Exiting get_string() with valid input
[2025-04-10 23:50:30] Received input: ls -l
[2025-04-10 23:50:30] Started command timer
[2025-04-10 23:50:30] Checking for multiple spaces
[2025-04-10 23:50:30] Entered checkMultipleSpaces() with string: "ls -l"
[2025-04-10 23:50:30] Space character found, current count: 1
[2025-04-10 23:50:30] Exiting checkMultipleSpaces() with result: 0 (no multiple spaces)
[2025-04-10 23:50:30] Space check passed
[2025-04-10 23:50:30] Splitting input into arguments
[2025-04-10 23:50:30] Entered split_to_args() with string: "ls -l", delimiter: " "
[2025-04-10 23:50:30] Duplicating input string
[2025-04-10 23:50:30] Starting tokenization of string
[2025-04-10 23:50:30] Processing token: "ls"
[2025-04-10 23:50:30] Token added to args array at position 0
[2025-04-10 23:50:30] Processing token: "-l"
[2025-04-10 23:50:30] Token added to args array at position 1
[2025-04-10 23:50:30] Tokenization complete, found 2 arguments
[2025-04-10 23:50:30] Exiting split_to_args() with 2 arguments
[2025-04-10 23:50:30] Arguments successfully parsed, count: 2
[2025-04-10 23:50:30] Arg[0]: ls
[2025-04-10 23:50:30] Arg[1]: -l
[2025-04-10 23:50:30] Checking if command is dangerous
[2025-04-10 23:50:30] Entered is_dangerous_command()
[2025-04-10 23:50:30] Checking command "ls" against 4 dangerous commands
[2025-04-10 23:50:30] Comparing with dangerous command 0: "rm -rf /"
[2025-04-10 23:50:30] Entered split_to_args() with string: "rm -rf /", delimiter: " "
[2025-04-10 23:50:30] Duplicating input string
[2025-04-10 23:50:30] Starting tokenization of string
[2025-04-10 23:50:30] Processing token: "rm"
[2025-04-10 23:50:30] Token added to args array at position 0
[2025-04-10 23:50:30] Processing token: "-rf"
[2025-04-10 23:50:30] Token added to args array at position 1
[2025-04-10 23:50:30] Processing token: "/"
[2025-04-10 23:50:30] Token added to args array at position 2
[2025-04-10 23:50:30] Tokenization complete, found 3 arguments
[2025-04-10 23:50:30] Exiting split_to_args() with 3 arguments
[2025-04-10 23:50:30] Comparing command names: "ls" vs "rm"
[2025-04-10 23:50:30] Entered free_args()
[2025-04-10 23:50:30] Freeing argument at index 0
[2025-04-10 23:50:30] Freeing argument at index 1
[2025-04-10 23:50:30] Freeing argument at index 2
[2025-04-10 23:50:30] Freed args array with 3 elements
[2025-04-10 23:50:30] Exiting free_args()
[2025-04-10 23:50:30] Comparing with dangerous command 1: "sudo reboot"
[2025-04-10 23:50:30] Entered split_to_args() with string: "sudo reboot", delimiter: " "
[2025-04-10 23:50:30] Duplicating input string
[2025-04-10 23:50:30] Starting tokenization of string
[2025-04-10 23:50:30] Processing token: "sudo"
[2025-04-10 23:50:30] Token added to args array at position 0
[2025-04-10 23:50:30] Processing token: "reboot"
[2025-04-10 23:50:30] Token added to args array at position 1
[2025-04-10 23:50:30] Tokenization complete, found 2 arguments
[2025-04-10 23:50:30] Exiting split_to_args() with 2 arguments
[2025-04-10 23:50:30] Comparing command names: "ls" vs "sudo"
[2025-04-10 23:50:30] Entered free_args()
[2025-04-10 23:50:30] Freeing argument at index 0
[2025-04-10 23:50:30] Freeing argument at index 1
[2025-04-10 23:50:30] Freed args array with 2 elements
[2025-04-10 23:50:30] Exiting free_args()
[2025-04-10 23:50:30] Comparing with dangerous command 2: "shutdown -h now"
[2025-04-10 23:50:30] Entered split_to_args() with string: "shutdown -h now", delimiter: " "
[2025-04-10 23:50:30] Duplicating input string
[2025-04-10 23:50:30] Starting tokenization of string
[2025-04-10 23:50:30] Processing token: "shutdown"
[2025-04-10 23:50:30] Token added to args array at position 0
[2025-04-10 23:50:30] Processing token: "-h"
[2025-04-10 23:50:30] Token added to args array at position 1
[2025-04-10 23:50:30] Processing token: "now"
[2025-04-10 23:50:30] Token added to args array at position 2
[2025-04-10 23:50:30] Tokenization complete, found 3 arguments
[2025-04-10 23:50:30] Exiting split_to_args() with 3 arguments
[2025-04-10 23:50:30] Comparing command names: "ls" vs "shutdown"
[2025-04-10 23:50:30] Entered free_args()
[2025-04-10 23:50:30] Freeing argument at index 0
[2025-04-10 23:50:30] Freeing argument at index 1
[2025-04-10 23:50:30] Freeing argument at index 2
[2025-04-10 23:50:30] Freed args array with 3 elements
[2025-04-10 23:50:30] Exiting free_args()
[2025-04-10 23:50:30] Comparing with dangerous command 3: "mkfs.ext4 /dev/sda"
[2025-04-10 23:50:30] Entered split_to_args() with string: "mkfs.ext4 /dev/sda", delimiter: " "
[2025-04-10 23:50:30] Duplicating input string
[2025-04-10 23:50:30] Starting tokenization of string
[2025-04-10 23:50:30] Processing token: "mkfs.ext4"
[2025-04-10 23:50:30] Token added to args array at position 0
[2025-04-10 23:50:30] Processing token: "/dev/sda"
[2025-04-10 23:50:30] Token added to args array at position 1
[2025-04-10 23:50:30] Tokenization complete, found 2 arguments
[2025-04-10 23:50:30] Exiting split_to_args() with 2 arguments
[2025-04-10 23:50:30] Comparing command names: "ls" vs "mkfs.ext4"
[2025-04-10 23:50:30] Entered free_args()
[2025-04-10 23:50:30] Freeing argument at index 0
[2025-04-10 23:50:30] Freeing argument at index 1
[2025-04-10 23:50:30] Freed args array with 2 elements
[2025-04-10 23:50:30] Exiting free_args()
[2025-04-10 23:50:30] No dangerous command match found
[2025-04-10 23:50:30] Exiting is_dangerous_command() with result: 0 (safe)
[2025-04-10 23:50:30] Command passed danger check
[2025-04-10 23:50:30] Creating child process to execute command
[2025-04-10 23:50:30] Parent process waiting for child (PID: 19652) to complete
[2025-04-10 23:50:30] Child process started with PID: 19652
[2025-04-10 23:50:30] Executing command: ls
[2025-04-10 23:50:30] Child process completed with status: 0
[2025-04-10 23:50:30] Entered time_diff()
[2025-04-10 23:50:30] Start time: 19684.344389540
[2025-04-10 23:50:30] End time: 19684.359996438
[2025-04-10 23:50:30] Calculated time difference: 0.01561 seconds
[2025-04-10 23:50:30] Exiting time_diff() with result: 0.01561
[2025-04-10 23:50:30] Command execution completed in 0.01561 seconds
[2025-04-10 23:50:30] Entered free_args()
[2025-04-10 23:50:30] Freeing argument at index 0
[2025-04-10 23:50:30] Freeing argument at index 1
[2025-04-10 23:50:30] Freed args array with 2 elements
[2025-04-10 23:50:30] Exiting free_args()
[2025-04-10 23:50:30] Arguments memory freed
[2025-04-10 23:50:30] Waiting for user input
[2025-04-10 23:50:30] Entered get_string()
[2025-04-10 23:50:30] Allocating initial buffer of size 1024
[2025-04-10 23:50:30] Reading input characters
[2025-04-10 23:50:57] Input read complete, length: 2 characters
[2025-04-10 23:50:57] Exiting get_string() with valid input
[2025-04-10 23:50:57] Received input: ls
[2025-04-10 23:50:57] Started command timer
[2025-04-10 23:50:57] Checking for multiple spaces
[2025-04-10 23:50:57] Entered checkMultipleSpaces() with string: "ls"
[2025-04-10 23:50:57] Exiting checkMultipleSpaces() with result: 0 (no multiple spaces)
[2025-04-10 23:50:57] Space check passed
[2025-04-10 23:50:57] Splitting input into arguments
[2025-04-10 23:50:57] Entered split_to_args() with string: "ls", delimiter: " "
[2025-04-10 23:50:57] Duplicating input string
[2025-04-10 23:50:57] Starting tokenization of string
[2025-04-10 23:50:57] Processing token: "ls"
[2025-04-10 23:50:57] Token added to args array at position 0
[2025-04-10 23:50:57] Tokenization complete, found 1 arguments
[2025-04-10 23:50:57] Exiting split_to_args() with 1 arguments
[2025-04-10 23:50:57] Arguments successfully parsed, count: 1
[2025-04-10 23:50:57] Arg[0]: ls
[2025-04-10 23:50:57] Checking if command is dangerous
[2025-04-10 23:50:57] Entered is_dangerous_command()
[2025-04-10 23:50:57] Checking command "ls" against 4 dangerous commands
[2025-04-10 23:50:57] Comparing with dangerous command 0: "rm -rf /"
[2025-04-10 23:50:57] Entered split_to_args() with string: "rm -rf /", delimiter: " "
[2025-04-10 23:50:57] Duplicating input string
[2025-04-10 23:50:57] Starting tokenization of string
[2025-04-10 23:50:57] Processing token: "rm"
[2025-04-10 23:50:57] Token added to args array at position 0
[2025-04-10 23:50:57] Processing token: "-rf"
[2025-04-10 23:50:57] Token added to args array at position 1
[2025-04-10 23:50:57] Processing token: "/"
[2025-04-10 23:50:57] Token added to args array at position 2
[2025-04-10 23:50:57] Tokenization complete, found 3 arguments
[2025-04-10 23:50:57] Exiting split_to_args() with 3 arguments
[2025-04-10 23:50:57] Comparing command names: "ls" vs "rm"
[2025-04-10 23:50:57] Entered free_args()
[2025-04-10 23:50:57] Freeing argument at index 0
[2025-04-10 23:50:57] Freeing argument at index 1
[2025-04-10 23:50:57] Freeing argument at index 2
[2025-04-10 23:50:57] Freed args array with 3 elements
[2025-04-10 23:50:57] Exiting free_args()
[2025-04-10 23:50:57] Comparing with dangerous command 1: "sudo reboot"
[2025-04-10 23:50:57] Entered split_to_args() with string: "sudo reboot", delimiter: " "
[2025-04-10 23:50:57] Duplicating input string
[2025-04-10 23:50:57] Starting tokenization of string
[2025-04-10 23:50:57] Processing token: "sudo"
[2025-04-10 23:50:57] Token added to args array at position 0
[2025-04-10 23:50:57] Processing token: "reboot"
[2025-04-10 23:50:57] Token added to args array at position 1
[2025-04-10 23:50:57] Tokenization complete, found 2 arguments
[2025-04-10 23:50:57] Exiting split_to_args() with 2 arguments
[2025-04-10 23:50:57] Comparing command names: "ls" vs "sudo"
[2025-04-10 23:50:57] Entered free_args()
[2025-04-10 23:50:57] Freeing argument at index 0
[2025-04-10 23:50:57] Freeing argument at index 1
[2025-04-10 23:50:57] Freed args array with 2 elements
[2025-04-10 23:50:57] Exiting free_args()
[2025-04-10 23:50:57] Comparing with dangerous command 2: "shutdown -h now"
[2025-04-10 23:50:57] Entered split_to_args() with string: "shutdown -h now", delimiter: " "
[2025-04-10 23:50:57] Duplicating input string
[2025-04-10 23:50:57] Starting tokenization of string
[2025-04-10 23:50:57] Processing token: "shutdown"
[2025-04-10 23:50:57] Token added to args array at position 0
[2025-04-10 23:50:57] Processing token: "-h"
[2025-04-10 23:50:57] Token added to args array at position 1
[2025-04-10 23:50:57] Processing token: "now"
[2025-04-10 23:50:57] Token added to args array at position 2
[2025-04-10 23:50:57] Tokenization complete, found 3 arguments
[2025-04-10 23:50:57] Exiting split_to_args() with 3 arguments
[2025-04-10 23:50:57] Comparing command names: "ls" vs "shutdown"
[2025-04-10 23:50:57] Entered free_args()
[2025-04-10 23:50:57] Freeing argument at index 0
[2025-04-10 23:50:57] Freeing argument at index 1
[2025-04-10 23:50:57] Freeing argument at index 2
[2025-04-10 23:50:57] Freed args array with 3 elements
[2025-04-10 23:50:57] Exiting free_args()
[2025-04-10 23:50:57] Comparing with dangerous command 3: "mkfs.ext4 /dev/sda"
[2025-04-10 23:50:57] Entered split_to_args() with string: "mkfs.ext4 /dev/sda", delimiter: " "
[2025-04-10 23:50:57] Duplicating input string
[2025-04-10 23:50:57] Starting tokenization of string
[2025-04-10 23:50:57] Processing token: "mkfs.ext4"
[2025-04-10 23:50:57] Token added to args array at position 0
[2025-04-10 23:50:57] Processing token: "/dev/sda"
[2025-04-10 23:50:57] Token added to args array at position 1
[2025-04-10 23:50:57] Tokenization complete, found 2 arguments
[2025-04-10 23:50:57] Exiting split_to_args() with 2 arguments
[2025-04-10 23:50:57] Comparing command names: "ls" vs "mkfs.ext4"
[2025-04-10 23:50:57] Entered free_args()
[2025-04-10 23:50:57] Freeing argument at index 0
[2025-04-10 23:50:57] Freeing argument at index 1
[2025-04-10 23:50:57] Freed args array with 2 elements
[2025-04-10 23:50:57] Exiting free_args()
[2025-04-10 23:50:57] No dangerous command match found
[2025-04-10 23:50:57] Exiting is_dangerous_command() with result: 0 (safe)
[2025-04-10 23:50:57] Command passed danger check
[2025-04-10 23:50:57] Creating child process to execute command
[2025-04-10 23:50:57] Parent process waiting for child (PID: 19653) to complete
[2025-04-10 23:50:57] Child process started with PID: 19653
[2025-04-10 23:50:57] Executing command: ls
[2025-04-10 23:50:57] Child process completed with status: 0
[2025-04-10 23:50:57] Entered time_diff()
[2025-04-10 23:50:57] Start time: 19711.482243866
[2025-04-10 23:50:57] End time: 19711.484897482
[2025-04-10 23:50:57] Calculated time difference: 0.00265 seconds
[2025-04-10 23:50:57] Exiting time_diff() with result: 0.00265
[2025-04-10 23:50:57] Command execution completed in 0.00265 seconds
[2025-04-10 23:50:57] Entered free_args()
[2025-04-10 23:50:57] Freeing argument at index 0
[2025-04-10 23:50:57] Freed args array with 1 elements
[2025-04-10 23:50:57] Exiting free_args()
[2025-04-10 23:50:57] Arguments memory freed
[2025-04-10 23:50:57] Waiting for user input
[2025-04-10 23:50:57] Entered get_string()
[2025-04-10 23:50:57] Allocating initial buffer of size 1024
[2025-04-10 23:50:57] Reading input characters
[2025-04-10 23:54:24] Shell starting up - PID: 19696, User: student
[2025-04-10 23:54:24] Initializing shell environment
[2025-04-10 23:54:24] Loading dangerous commands file: ./f.txt
[2025-04-10 23:54:24] Entered read_file_lines() for file: ./f.txt
[2025-04-10 23:54:24] Entered count_lines() for file: ./f.txt
[2025-04-10 23:54:24] Counting lines in file
[2025-04-10 23:54:24] File contains 4 lines
[2025-04-10 23:54:24] Exiting count_lines() with result: 4
[2025-04-10 23:54:24] Opening file for reading
[2025-04-10 23:54:24] Allocating memory for 4 lines
[2025-04-10 23:54:24] Reading lines from file
[2025-04-10 23:54:24] Read line 0: "rm -rf /"
[2025-04-10 23:54:24] Read line 1: "sudo reboot"
[2025-04-10 23:54:24] Read line 2: "shutdown -h now"
[2025-04-10 23:54:24] Read line 3: "mkfs.ext4 /dev/sda"
[2025-04-10 23:54:24] Successfully read 4 lines from file
[2025-04-10 23:54:24] Exiting read_file_lines()
[2025-04-10 23:54:24] Loaded 4 dangerous commands
[2025-04-10 23:54:24] Entering command processing loop
[2025-04-10 23:54:24] Waiting for user input
[2025-04-10 23:54:24] Entered get_string()
[2025-04-10 23:54:24] Allocating initial buffer of size 1024
[2025-04-10 23:54:24] Reading input characters
[2025-04-10 23:54:57] Input read complete, length: 10 characters
[2025-04-10 23:54:57] Exiting get_string() with valid input
[2025-04-10 23:54:57] Received input: echo hello
[2025-04-10 23:54:57] Started command timer
[2025-04-10 23:54:57] Checking for multiple spaces
[2025-04-10 23:54:57] Entered checkMultipleSpaces() with string: "echo hello"
[2025-04-10 23:54:57] Space character found, current count: 1
[2025-04-10 23:54:57] Exiting checkMultipleSpaces() with result: 0 (no multiple spaces)
[2025-04-10 23:54:57] Space check passed
[2025-04-10 23:54:57] Splitting input into arguments
[2025-04-10 23:54:57] Entered split_to_args() with string: "echo hello", delimiter: " "
[2025-04-10 23:54:57] Duplicating input string
[2025-04-10 23:54:57] Starting tokenization of string
[2025-04-10 23:54:57] Processing token: "echo"
[2025-04-10 23:54:57] Token added to args array at position 0
[2025-04-10 23:54:57] Processing token: "hello"
[2025-04-10 23:54:57] Token added to args array at position 1
[2025-04-10 23:54:57] Tokenization complete, found 2 arguments
[2025-04-10 23:54:57] Exiting split_to_args() with 2 arguments
[2025-04-10 23:54:57] Arguments successfully parsed, count: 2
[2025-04-10 23:54:57] Arg[0]: echo
[2025-04-10 23:54:57] Arg[1]: hello
[2025-04-10 23:54:57] Checking if command is dangerous
[2025-04-10 23:54:57] Entered is_dangerous_command()
[2025-04-10 23:54:57] Checking command "echo" against 4 dangerous commands
[2025-04-10 23:54:57] Comparing with dangerous command 0: "rm -rf /"
[2025-04-10 23:54:57] Entered split_to_args() with string: "rm -rf /", delimiter: " "
[2025-04-10 23:54:57] Duplicating input string
[2025-04-10 23:54:57] Starting tokenization of string
[2025-04-10 23:54:57] Processing token: "rm"
[2025-04-10 23:54:57] Token added to args array at position 0
[2025-04-10 23:54:57] Processing token: "-rf"
[2025-04-10 23:54:57] Token added to args array at position 1
[2025-04-10 23:54:57] Processing token: "/"
[2025-04-10 23:54:57] Token added to args array at position 2
[2025-04-10 23:54:57] Tokenization complete, found 3 arguments
[2025-04-10 23:54:57] Exiting split_to_args() with 3 arguments
[2025-04-10 23:54:57] Comparing command names: "echo" vs "rm"
[2025-04-10 23:54:57] Entered free_args()
[2025-04-10 23:54:57] Freeing argument at index 0
[2025-04-10 23:54:57] Freeing argument at index 1
[2025-04-10 23:54:57] Freeing argument at index 2
[2025-04-10 23:54:57] Freed args array with 3 elements
[2025-04-10 23:54:57] Exiting free_args()
[2025-04-10 23:54:57] Comparing with dangerous command 1: "sudo reboot"
[2025-04-10 23:54:57] Entered split_to_args() with string: "sudo reboot", delimiter: " "
[2025-04-10 23:54:57] Duplicating input string
[2025-04-10 23:54:57] Starting tokenization of string
[2025-04-10 23:54:57] Processing token: "sudo"
[2025-04-10 23:54:57] Token added to args array at position 0
[2025-04-10 23:54:57] Processing token: "reboot"
[2025-04-10 23:54:57] Token added to args array at position 1
[2025-04-10 23:54:57] Tokenization complete, found 2 arguments
[2025-04-10 23:54:57] Exiting split_to_args() with 2 arguments
[2025-04-10 23:54:57] Comparing command names: "echo" vs "sudo"
[2025-04-10 23:54:57] Entered free_args()
[2025-04-10 23:54:57] Freeing argument at index 0
[2025-04-10 23:54:57] Freeing argument at index 1
[2025-04-10 23:54:57] Freed args array with 2 elements
[2025-04-10 23:54:57] Exiting free_args()
[2025-04-10 23:54:57] Comparing with dangerous command 2: "shutdown -h now"
[2025-04-10 23:54:57] Entered split_to_args() with string: "shutdown -h now", delimiter: " "
[2025-04-10 23:54:57] Duplicating input string
[2025-04-10 23:54:57] Starting tokenization of string
[2025-04-10 23:54:57] Processing token: "shutdown"
[2025-04-10 23:54:57] Token added to args array at position 0
[2025-04-10 23:54:57] Processing token: "-h"
[2025-04-10 23:54:57] Token added to args array at position 1
[2025-04-10 23:54:57] Processing token: "now"
[2025-04-10 23:54:57] Token added to args array at position 2
[2025-04-10 23:54:57] Tokenization complete, found 3 arguments
[2025-04-10 23:54:57] Exiting split_to_args() with 3 arguments
[2025-04-10 23:54:57] Comparing command names: "echo" vs "shutdown"
[2025-04-10 23:54:57] Entered free_args()
[2025-04-10 23:54:57] Freeing argument at index 0
[2025-04-10 23:54:57] Freeing argument at index 1
[2025-04-10 23:54:57] Freeing argument at index 2
[2025-04-10 23:54:57] Freed args array with 3 elements
[2025-04-10 23:54:57] Exiting free_args()
[2025-04-10 23:54:57] Comparing with dangerous command 3: "mkfs.ext4 /dev/sda"
[2025-04-10 23:54:57] Entered split_to_args() with string: "mkfs.ext4 /dev/sda", delimiter: " "
[2025-04-10 23:54:57] Duplicating input string
[2025-04-10 23:54:57] Starting tokenization of string
[2025-04-10 23:54:57] Processing token: "mkfs.ext4"
[2025-04-10 23:54:57] Token added to args array at position 0
[2025-04-10 23:54:57] Processing token: "/dev/sda"
[2025-04-10 23:54:57] Token added to args array at position 1
[2025-04-10 23:54:57] Tokenization complete, found 2 arguments
[2025-04-10 23:54:57] Exiting split_to_args() with 2 arguments
[2025-04-10 23:54:57] Comparing command names: "echo" vs "mkfs.ext4"
[2025-04-10 23:54:57] Entered free_args()
[2025-04-10 23:54:57] Freeing argument at index 0
[2025-04-10 23:54:57] Freeing argument at index 1
[2025-04-10 23:54:57] Freed args array with 2 elements
[2025-04-10 23:54:57] Exiting free_args()
[2025-04-10 23:54:57] No dangerous command match found
[2025-04-10 23:54:57] Exiting is_dangerous_command() with result: 0 (safe)
[2025-04-10 23:54:57] Command passed danger check
[2025-04-10 23:54:57] Creating child process to execute command
[2025-04-10 23:54:57] Parent process waiting for child (PID: 19709) to complete
[2025-04-10 23:54:57] Child process started with PID: 19709
[2025-04-10 23:54:57] Executing command: echo
[2025-04-10 23:54:57] Child process completed with status: 0
[2025-04-10 23:54:57] Entered time_diff()
[2025-04-10 23:54:57] Start time: 19951.500290381
[2025-04-10 23:54:57] End time: 19951.507186340
[2025-04-10 23:54:57] Calculated time difference: 0.00690 seconds
[2025-04-10 23:54:57] Exiting time_diff() with result: 0.00690
[2025-04-10 23:54:57] Command execution completed in 0.00690 seconds
[2025-04-10 23:54:57] Entered free_args()
[2025-04-10 23:54:57] Freeing argument at index 0
[2025-04-10 23:54:57] Freeing argument at index 1
[2025-04-10 23:54:57] Freed args array with 2 elements
[2025-04-10 23:54:57] Exiting free_args()
[2025-04-10 23:54:57] Arguments memory freed
[2025-04-10 23:54:57] Waiting for user input
[2025-04-10 23:54:57] Entered get_string()
[2025-04-10 23:54:57] Allocating initial buffer of size 1024
[2025-04-10 23:54:57] Reading input characters
[2025-04-10 23:56:41] Input read complete, length: 8 characters
[2025-04-10 23:56:41] Exiting get_string() with valid input
[2025-04-10 23:56:41] Received input: echo    
[2025-04-10 23:56:41] Started command timer
[2025-04-10 23:56:41] Checking for multiple spaces
[2025-04-10 23:56:41] Entered checkMultipleSpaces() with string: "echo    "
[2025-04-10 23:56:41] Space character found, current count: 1
[2025-04-10 23:56:41] Space character found, current count: 2
[2025-04-10 23:56:41] ERROR: Multiple consecutive spaces detected
[2025-04-10 23:56:41] Input rejected: contains multiple consecutive spaces
[2025-04-10 23:56:41] Waiting for user input
[2025-04-10 23:56:41] Entered get_string()
[2025-04-10 23:56:41] Allocating initial buffer of size 1024
[2025-04-10 23:56:41] Reading input characters
[2025-04-10 23:58:00] Input read complete, length: 13 characters
[2025-04-10 23:58:00] Exiting get_string() with valid input
[2025-04-10 23:58:00] Received input: echo 1 2 3 4 
[2025-04-10 23:58:00] Started command timer
[2025-04-10 23:58:00] Checking for multiple spaces
[2025-04-10 23:58:00] Entered checkMultipleSpaces() with string: "echo 1 2 3 4 "
[2025-04-10 23:58:00] Space character found, current count: 1
[2025-04-10 23:58:00] Space character found, current count: 1
[2025-04-10 23:58:00] Space character found, current count: 1
[2025-04-10 23:58:00] Space character found, current count: 1
[2025-04-10 23:58:00] Space character found, current count: 1
[2025-04-10 23:58:00] Exiting checkMultipleSpaces() with result: 0 (no multiple spaces)
[2025-04-10 23:58:00] Space check passed
[2025-04-10 23:58:00] Splitting input into arguments
[2025-04-10 23:58:00] Entered split_to_args() with string: "echo 1 2 3 4 ", delimiter: " "
[2025-04-10 23:58:00] Duplicating input string
[2025-04-10 23:58:00] Starting tokenization of string
[2025-04-10 23:58:00] Processing token: "echo"
[2025-04-10 23:58:00] Token added to args array at position 0
[2025-04-10 23:58:00] Processing token: "1"
[2025-04-10 23:58:00] Token added to args array at position 1
[2025-04-10 23:58:00] Processing token: "2"
[2025-04-10 23:58:00] Token added to args array at position 2
[2025-04-10 23:58:00] Processing token: "3"
[2025-04-10 23:58:00] Token added to args array at position 3
[2025-04-10 23:58:00] Processing token: "4"
[2025-04-10 23:58:00] Token added to args array at position 4
[2025-04-10 23:58:00] Tokenization complete, found 5 arguments
[2025-04-10 23:58:00] Exiting split_to_args() with 5 arguments
[2025-04-10 23:58:00] Arguments successfully parsed, count: 5
[2025-04-10 23:58:00] Arg[0]: echo
[2025-04-10 23:58:00] Arg[1]: 1
[2025-04-10 23:58:00] Arg[2]: 2
[2025-04-10 23:58:00] Arg[3]: 3
[2025-04-10 23:58:00] Arg[4]: 4
[2025-04-10 23:58:00] Checking if command is dangerous
[2025-04-10 23:58:00] Entered is_dangerous_command()
[2025-04-10 23:58:00] Checking command "echo" against 4 dangerous commands
[2025-04-10 23:58:00] Comparing with dangerous command 0: "rm -rf /"
[2025-04-10 23:58:00] Entered split_to_args() with string: "rm -rf /", delimiter: " "
[2025-04-10 23:58:00] Duplicating input string
[2025-04-10 23:58:00] Starting tokenization of string
[2025-04-10 23:58:00] Processing token: "rm"
[2025-04-10 23:58:00] Token added to args array at position 0
[2025-04-10 23:58:00] Processing token: "-rf"
[2025-04-10 23:58:00] Token added to args array at position 1
[2025-04-10 23:58:00] Processing token: "/"
[2025-04-10 23:58:00] Token added to args array at position 2
[2025-04-10 23:58:00] Tokenization complete, found 3 arguments
[2025-04-10 23:58:00] Exiting split_to_args() with 3 arguments
[2025-04-10 23:58:00] Comparing command names: "echo" vs "rm"
[2025-04-10 23:58:00] Entered free_args()
[2025-04-10 23:58:00] Freeing argument at index 0
[2025-04-10 23:58:00] Freeing argument at index 1
[2025-04-10 23:58:00] Freeing argument at index 2
[2025-04-10 23:58:00] Freed args array with 3 elements
[2025-04-10 23:58:00] Exiting free_args()
[2025-04-10 23:58:00] Comparing with dangerous command 1: "sudo reboot"
[2025-04-10 23:58:00] Entered split_to_args() with string: "sudo reboot", delimiter: " "
[2025-04-10 23:58:00] Duplicating input string
[2025-04-10 23:58:00] Starting tokenization of string
[2025-04-10 23:58:00] Processing token: "sudo"
[2025-04-10 23:58:00] Token added to args array at position 0
[2025-04-10 23:58:00] Processing token: "reboot"
[2025-04-10 23:58:00] Token added to args array at position 1
[2025-04-10 23:58:00] Tokenization complete, found 2 arguments
[2025-04-10 23:58:00] Exiting split_to_args() with 2 arguments
[2025-04-10 23:58:00] Comparing command names: "echo" vs "sudo"
[2025-04-10 23:58:00] Entered free_args()
[2025-04-10 23:58:00] Freeing argument at index 0
[2025-04-10 23:58:00] Freeing argument at index 1
[2025-04-10 23:58:00] Freed args array with 2 elements
[2025-04-10 23:58:00] Exiting free_args()
[2025-04-10 23:58:00] Comparing with dangerous command 2: "shutdown -h now"
[2025-04-10 23:58:00] Entered split_to_args() with string: "shutdown -h now", delimiter: " "
[2025-04-10 23:58:00] Duplicating input string
[2025-04-10 23:58:00] Starting tokenization of string
[2025-04-10 23:58:00] Processing token: "shutdown"
[2025-04-10 23:58:00] Token added to args array at position 0
[2025-04-10 23:58:00] Processing token: "-h"
[2025-04-10 23:58:00] Token added to args array at position 1
[2025-04-10 23:58:00] Processing token: "now"
[2025-04-10 23:58:00] Token added to args array at position 2
[2025-04-10 23:58:00] Tokenization complete, found 3 arguments
[2025-04-10 23:58:00] Exiting split_to_args() with 3 arguments
[2025-04-10 23:58:00] Comparing command names: "echo" vs "shutdown"
[2025-04-10 23:58:00] Entered free_args()
[2025-04-10 23:58:00] Freeing argument at index 0
[2025-04-10 23:58:00] Freeing argument at index 1
[2025-04-10 23:58:00] Freeing argument at index 2
[2025-04-10 23:58:00] Freed args array with 3 elements
[2025-04-10 23:58:00] Exiting free_args()
[2025-04-10 23:58:00] Comparing with dangerous command 3: "mkfs.ext4 /dev/sda"
[2025-04-10 23:58:00] Entered split_to_args() with string: "mkfs.ext4 /dev/sda", delimiter: " "
[2025-04-10 23:58:00] Duplicating input string
[2025-04-10 23:58:00] Starting tokenization of string
[2025-04-10 23:58:00] Processing token: "mkfs.ext4"
[2025-04-10 23:58:00] Token added to args array at position 0
[2025-04-10 23:58:00] Processing token: "/dev/sda"
[2025-04-10 23:58:00] Token added to args array at position 1
[2025-04-10 23:58:00] Tokenization complete, found 2 arguments
[2025-04-10 23:58:00] Exiting split_to_args() with 2 arguments
[2025-04-10 23:58:00] Comparing command names: "echo" vs "mkfs.ext4"
[2025-04-10 23:58:00] Entered free_args()
[2025-04-10 23:58:00] Freeing argument at index 0
[2025-04-10 23:58:00] Freeing argument at index 1
[2025-04-10 23:58:00] Freed args array with 2 elements
[2025-04-10 23:58:00] Exiting free_args()
[2025-04-10 23:58:00] No dangerous command match found
[2025-04-10 23:58:00] Exiting is_dangerous_command() with result: 0 (safe)
[2025-04-10 23:58:00] Command passed danger check
[2025-04-10 23:58:00] Creating child process to execute command
[2025-04-10 23:58:00] Parent process waiting for child (PID: 19718) to complete
[2025-04-10 23:58:00] Child process started with PID: 19718
[2025-04-10 23:58:00] Executing command: echo
[2025-04-10 23:58:00] Child process completed with status: 0
[2025-04-10 23:58:00] Entered time_diff()
[2025-04-10 23:58:00] Start time: 20134.877827819
[2025-04-10 23:58:00] End time: 20134.880612798
[2025-04-10 23:58:00] Calculated time difference: 0.00278 seconds
[2025-04-10 23:58:00] Exiting time_diff() with result: 0.00278
[2025-04-10 23:58:00] Command execution completed in 0.00278 seconds
[2025-04-10 23:58:00] Entered free_args()
[2025-04-10 23:58:00] Freeing argument at index 0
[2025-04-10 23:58:00] Freeing argument at index 1
[2025-04-10 23:58:00] Freeing argument at index 2
[2025-04-10 23:58:00] Freeing argument at index 3
[2025-04-10 23:58:00] Freeing argument at index 4
[2025-04-10 23:58:00] Freed args array with 5 elements
[2025-04-10 23:58:00] Exiting free_args()
[2025-04-10 23:58:00] Arguments memory freed
[2025-04-10 23:58:00] Waiting for user input
[2025-04-10 23:58:00] Entered get_string()
[2025-04-10 23:58:00] Allocating initial buffer of size 1024
[2025-04-10 23:58:00] Reading input characters
[2025-04-10 23:58:39] Input read complete, length: 24 characters
[2025-04-10 23:58:39] Exiting get_string() with valid input
[2025-04-10 23:58:39] Received input: echo hi ma name is nigga
[2025-04-10 23:58:39] Started command timer
[2025-04-10 23:58:39] Checking for multiple spaces
[2025-04-10 23:58:39] Entered checkMultipleSpaces() with string: "echo hi ma name is nigga"
[2025-04-10 23:58:39] Space character found, current count: 1
[2025-04-10 23:58:39] Space character found, current count: 1
[2025-04-10 23:58:39] Space character found, current count: 1
[2025-04-10 23:58:39] Space character found, current count: 1
[2025-04-10 23:58:39] Space character found, current count: 1
[2025-04-10 23:58:39] Exiting checkMultipleSpaces() with result: 0 (no multiple spaces)
[2025-04-10 23:58:39] Space check passed
[2025-04-10 23:58:39] Splitting input into arguments
[2025-04-10 23:58:39] Entered split_to_args() with string: "echo hi ma name is nigga", delimiter: " "
[2025-04-10 23:58:39] Duplicating input string
[2025-04-10 23:58:39] Starting tokenization of string
[2025-04-10 23:58:39] Processing token: "echo"
[2025-04-10 23:58:39] Token added to args array at position 0
[2025-04-10 23:58:39] Processing token: "hi"
[2025-04-10 23:58:39] Token added to args array at position 1
[2025-04-10 23:58:39] Processing token: "ma"
[2025-04-10 23:58:39] Token added to args array at position 2
[2025-04-10 23:58:39] Processing token: "name"
[2025-04-10 23:58:39] Token added to args array at position 3
[2025-04-10 23:58:39] Processing token: "is"
[2025-04-10 23:58:39] Token added to args array at position 4
[2025-04-10 23:58:39] Processing token: "nigga"
[2025-04-10 23:58:39] Token added to args array at position 5
[2025-04-10 23:58:39] Tokenization complete, found 6 arguments
[2025-04-10 23:58:39] Exiting split_to_args() with 6 arguments
[2025-04-10 23:58:39] Arguments successfully parsed, count: 6
[2025-04-10 23:58:39] Arg[0]: echo
[2025-04-10 23:58:39] Arg[1]: hi
[2025-04-10 23:58:39] Arg[2]: ma
[2025-04-10 23:58:39] Arg[3]: name
[2025-04-10 23:58:39] Arg[4]: is
[2025-04-10 23:58:39] Arg[5]: nigga
[2025-04-10 23:58:39] Checking if command is dangerous
[2025-04-10 23:58:39] Entered is_dangerous_command()
[2025-04-10 23:58:39] Checking command "echo" against 4 dangerous commands
[2025-04-10 23:58:39] Comparing with dangerous command 0: "rm -rf /"
[2025-04-10 23:58:39] Entered split_to_args() with string: "rm -rf /", delimiter: " "
[2025-04-10 23:58:39] Duplicating input string
[2025-04-10 23:58:39] Starting tokenization of string
[2025-04-10 23:58:39] Processing token: "rm"
[2025-04-10 23:58:39] Token added to args array at position 0
[2025-04-10 23:58:39] Processing token: "-rf"
[2025-04-10 23:58:39] Token added to args array at position 1
[2025-04-10 23:58:39] Processing token: "/"
[2025-04-10 23:58:39] Token added to args array at position 2
[2025-04-10 23:58:39] Tokenization complete, found 3 arguments
[2025-04-10 23:58:39] Exiting split_to_args() with 3 arguments
[2025-04-10 23:58:39] Comparing command names: "echo" vs "rm"
[2025-04-10 23:58:39] Entered free_args()
[2025-04-10 23:58:39] Freeing argument at index 0
[2025-04-10 23:58:39] Freeing argument at index 1
[2025-04-10 23:58:39] Freeing argument at index 2
[2025-04-10 23:58:39] Freed args array with 3 elements
[2025-04-10 23:58:39] Exiting free_args()
[2025-04-10 23:58:39] Comparing with dangerous command 1: "sudo reboot"
[2025-04-10 23:58:39] Entered split_to_args() with string: "sudo reboot", delimiter: " "
[2025-04-10 23:58:39] Duplicating input string
[2025-04-10 23:58:39] Starting tokenization of string
[2025-04-10 23:58:39] Processing token: "sudo"
[2025-04-10 23:58:39] Token added to args array at position 0
[2025-04-10 23:58:39] Processing token: "reboot"
[2025-04-10 23:58:39] Token added to args array at position 1
[2025-04-10 23:58:39] Tokenization complete, found 2 arguments
[2025-04-10 23:58:39] Exiting split_to_args() with 2 arguments
[2025-04-10 23:58:39] Comparing command names: "echo" vs "sudo"
[2025-04-10 23:58:39] Entered free_args()
[2025-04-10 23:58:39] Freeing argument at index 0
[2025-04-10 23:58:39] Freeing argument at index 1
[2025-04-10 23:58:39] Freed args array with 2 elements
[2025-04-10 23:58:39] Exiting free_args()
[2025-04-10 23:58:39] Comparing with dangerous command 2: "shutdown -h now"
[2025-04-10 23:58:39] Entered split_to_args() with string: "shutdown -h now", delimiter: " "
[2025-04-10 23:58:39] Duplicating input string
[2025-04-10 23:58:39] Starting tokenization of string
[2025-04-10 23:58:39] Processing token: "shutdown"
[2025-04-10 23:58:39] Token added to args array at position 0
[2025-04-10 23:58:39] Processing token: "-h"
[2025-04-10 23:58:39] Token added to args array at position 1
[2025-04-10 23:58:39] Processing token: "now"
[2025-04-10 23:58:39] Token added to args array at position 2
[2025-04-10 23:58:39] Tokenization complete, found 3 arguments
[2025-04-10 23:58:39] Exiting split_to_args() with 3 arguments
[2025-04-10 23:58:39] Comparing command names: "echo" vs "shutdown"
[2025-04-10 23:58:39] Entered free_args()
[2025-04-10 23:58:39] Freeing argument at index 0
[2025-04-10 23:58:39] Freeing argument at index 1
[2025-04-10 23:58:39] Freeing argument at index 2
[2025-04-10 23:58:39] Freed args array with 3 elements
[2025-04-10 23:58:39] Exiting free_args()
[2025-04-10 23:58:39] Comparing with dangerous command 3: "mkfs.ext4 /dev/sda"
[2025-04-10 23:58:39] Entered split_to_args() with string: "mkfs.ext4 /dev/sda", delimiter: " "
[2025-04-10 23:58:39] Duplicating input string
[2025-04-10 23:58:39] Starting tokenization of string
[2025-04-10 23:58:39] Processing token: "mkfs.ext4"
[2025-04-10 23:58:39] Token added to args array at position 0
[2025-04-10 23:58:39] Processing token: "/dev/sda"
[2025-04-10 23:58:39] Token added to args array at position 1
[2025-04-10 23:58:39] Tokenization complete, found 2 arguments
[2025-04-10 23:58:39] Exiting split_to_args() with 2 arguments
[2025-04-10 23:58:39] Comparing command names: "echo" vs "mkfs.ext4"
[2025-04-10 23:58:39] Entered free_args()
[2025-04-10 23:58:39] Freeing argument at index 0
[2025-04-10 23:58:39] Freeing argument at index 1
[2025-04-10 23:58:39] Freed args array with 2 elements
[2025-04-10 23:58:39] Exiting free_args()
[2025-04-10 23:58:39] No dangerous command match found
[2025-04-10 23:58:39] Exiting is_dangerous_command() with result: 0 (safe)
[2025-04-10 23:58:39] Command passed danger check
[2025-04-10 23:58:39] Creating child process to execute command
[2025-04-10 23:58:39] Parent process waiting for child (PID: 19719) to complete
[2025-04-10 23:58:39] Child process started with PID: 19719
[2025-04-10 23:58:39] Executing command: echo
[2025-04-10 23:58:39] Child process completed with status: 0
[2025-04-10 23:58:39] Entered time_diff()
[2025-04-10 23:58:39] Start time: 20173.955822078
[2025-04-10 23:58:39] End time: 20173.958297590
[2025-04-10 23:58:39] Calculated time difference: 0.00248 seconds
[2025-04-10 23:58:39] Exiting time_diff() with result: 0.00248
[2025-04-10 23:58:39] Command execution completed in 0.00248 seconds
[2025-04-10 23:58:39] Entered free_args()
[2025-04-10 23:58:39] Freeing argument at index 0
[2025-04-10 23:58:39] Freeing argument at index 1
[2025-04-10 23:58:39] Freeing argument at index 2
[2025-04-10 23:58:39] Freeing argument at index 3
[2025-04-10 23:58:39] Freeing argument at index 4
[2025-04-10 23:58:39] Freeing argument at index 5
[2025-04-10 23:58:39] Freed args array with 6 elements
[2025-04-10 23:58:39] Exiting free_args()
[2025-04-10 23:58:39] Arguments memory freed
[2025-04-10 23:58:39] Waiting for user input
[2025-04-10 23:58:39] Entered get_string()
[2025-04-10 23:58:39] Allocating initial buffer of size 1024
[2025-04-10 23:58:39] Reading input characters
[2025-04-10 23:59:01] Input read complete, length: 4 characters
[2025-04-10 23:59:01] Exiting get_string() with valid input
[2025-04-10 23:59:01] Received input: done
[2025-04-10 23:59:01] Started command timer
[2025-04-10 23:59:01] Checking for multiple spaces
[2025-04-10 23:59:01] Entered checkMultipleSpaces() with string: "done"
[2025-04-10 23:59:01] Exiting checkMultipleSpaces() with result: 0 (no multiple spaces)
[2025-04-10 23:59:01] Space check passed
[2025-04-10 23:59:01] Splitting input into arguments
[2025-04-10 23:59:01] Entered split_to_args() with string: "done", delimiter: " "
[2025-04-10 23:59:01] Duplicating input string
[2025-04-10 23:59:01] Starting tokenization of string
[2025-04-10 23:59:01] Processing token: "done"
[2025-04-10 23:59:01] Token added to args array at position 0
[2025-04-10 23:59:01] Tokenization complete, found 1 arguments
[2025-04-10 23:59:01] Exiting split_to_args() with 1 arguments
[2025-04-10 23:59:01] Arguments successfully parsed, count: 1
[2025-04-10 23:59:01] Arg[0]: done
[2025-04-10 23:59:01] Checking if command is dangerous
[2025-04-10 23:59:01] Entered is_dangerous_command()
[2025-04-10 23:59:01] Checking command "done" against 4 dangerous commands
[2025-04-10 23:59:01] Comparing with dangerous command 0: "rm -rf /"
[2025-04-10 23:59:01] Entered split_to_args() with string: "rm -rf /", delimiter: " "
[2025-04-10 23:59:01] Duplicating input string
[2025-04-10 23:59:01] Starting tokenization of string
[2025-04-10 23:59:01] Processing token: "rm"
[2025-04-10 23:59:01] Token added to args array at position 0
[2025-04-10 23:59:01] Processing token: "-rf"
[2025-04-10 23:59:01] Token added to args array at position 1
[2025-04-10 23:59:01] Processing token: "/"
[2025-04-10 23:59:01] Token added to args array at position 2
[2025-04-10 23:59:01] Tokenization complete, found 3 arguments
[2025-04-10 23:59:01] Exiting split_to_args() with 3 arguments
[2025-04-10 23:59:01] Comparing command names: "done" vs "rm"
[2025-04-10 23:59:01] Entered free_args()
[2025-04-10 23:59:01] Freeing argument at index 0
[2025-04-10 23:59:01] Freeing argument at index 1
[2025-04-10 23:59:01] Freeing argument at index 2
[2025-04-10 23:59:01] Freed args array with 3 elements
[2025-04-10 23:59:01] Exiting free_args()
[2025-04-10 23:59:01] Comparing with dangerous command 1: "sudo reboot"
[2025-04-10 23:59:01] Entered split_to_args() with string: "sudo reboot", delimiter: " "
[2025-04-10 23:59:01] Duplicating input string
[2025-04-10 23:59:01] Starting tokenization of string
[2025-04-10 23:59:01] Processing token: "sudo"
[2025-04-10 23:59:01] Token added to args array at position 0
[2025-04-10 23:59:01] Processing token: "reboot"
[2025-04-10 23:59:01] Token added to args array at position 1
[2025-04-10 23:59:01] Tokenization complete, found 2 arguments
[2025-04-10 23:59:01] Exiting split_to_args() with 2 arguments
[2025-04-10 23:59:01] Comparing command names: "done" vs "sudo"
[2025-04-10 23:59:01] Entered free_args()
[2025-04-10 23:59:01] Freeing argument at index 0
[2025-04-10 23:59:01] Freeing argument at index 1
[2025-04-10 23:59:01] Freed args array with 2 elements
[2025-04-10 23:59:01] Exiting free_args()
[2025-04-10 23:59:01] Comparing with dangerous command 2: "shutdown -h now"
[2025-04-10 23:59:01] Entered split_to_args() with string: "shutdown -h now", delimiter: " "
[2025-04-10 23:59:01] Duplicating input string
[2025-04-10 23:59:01] Starting tokenization of string
[2025-04-10 23:59:01] Processing token: "shutdown"
[2025-04-10 23:59:01] Token added to args array at position 0
[2025-04-10 23:59:01] Processing token: "-h"
[2025-04-10 23:59:01] Token added to args array at position 1
[2025-04-10 23:59:01] Processing token: "now"
[2025-04-10 23:59:01] Token added to args array at position 2
[2025-04-10 23:59:01] Tokenization complete, found 3 arguments
[2025-04-10 23:59:01] Exiting split_to_args() with 3 arguments
[2025-04-10 23:59:01] Comparing command names: "done" vs "shutdown"
[2025-04-10 23:59:01] Entered free_args()
[2025-04-10 23:59:01] Freeing argument at index 0
[2025-04-10 23:59:01] Freeing argument at index 1
[2025-04-10 23:59:01] Freeing argument at index 2
[2025-04-10 23:59:01] Freed args array with 3 elements
[2025-04-10 23:59:01] Exiting free_args()
[2025-04-10 23:59:01] Comparing with dangerous command 3: "mkfs.ext4 /dev/sda"
[2025-04-10 23:59:01] Entered split_to_args() with string: "mkfs.ext4 /dev/sda", delimiter: " "
[2025-04-10 23:59:01] Duplicating input string
[2025-04-10 23:59:01] Starting tokenization of string
[2025-04-10 23:59:01] Processing token: "mkfs.ext4"
[2025-04-10 23:59:01] Token added to args array at position 0
[2025-04-10 23:59:01] Processing token: "/dev/sda"
[2025-04-10 23:59:01] Token added to args array at position 1
[2025-04-10 23:59:01] Tokenization complete, found 2 arguments
[2025-04-10 23:59:01] Exiting split_to_args() with 2 arguments
[2025-04-10 23:59:01] Comparing command names: "done" vs "mkfs.ext4"
[2025-04-10 23:59:01] Entered free_args()
[2025-04-10 23:59:01] Freeing argument at index 0
[2025-04-10 23:59:01] Freeing argument at index 1
[2025-04-10 23:59:01] Freed args array with 2 elements
[2025-04-10 23:59:01] Exiting free_args()
[2025-04-10 23:59:01] No dangerous command match found
[2025-04-10 23:59:01] Exiting is_dangerous_command() with result: 0 (safe)
[2025-04-10 23:59:01] Command passed danger check
[2025-04-10 23:59:01] Exit command received, terminating shell
[2025-04-10 23:59:01] Shell shutting down
[2025-04-11 00:02:25] Shell starting up - PID: 19797, User: student
[2025-04-11 00:02:25] Initializing shell environment
[2025-04-11 00:02:25] Loading dangerous commands file: ./f.txt
[2025-04-11 00:02:25] Entered read_file_lines() for file: ./f.txt
[2025-04-11 00:02:25] Entered count_lines() for file: ./f.txt
[2025-04-11 00:02:25] Counting lines in file
[2025-04-11 00:02:25] File contains 4 lines
[2025-04-11 00:02:25] Exiting count_lines() with result: 4
[2025-04-11 00:02:25] Opening file for reading
[2025-04-11 00:02:25] Allocating memory for 4 lines
[2025-04-11 00:02:25] Reading lines from file
[2025-04-11 00:02:25] Read line 0: "rm -rf /"
[2025-04-11 00:02:25] Read line 1: "sudo reboot"
[2025-04-11 00:02:25] Read line 2: "shutdown -h now"
[2025-04-11 00:02:25] Read line 3: "mkfs.ext4 /dev/sda"
[2025-04-11 00:02:25] Successfully read 4 lines from file
[2025-04-11 00:02:25] Exiting read_file_lines()
[2025-04-11 00:02:25] Loaded 4 dangerous commands
[2025-04-11 00:02:25] Entering command processing loop
[2025-04-11 00:02:25] Waiting for user input
[2025-04-11 00:02:25] Entered get_string()
[2025-04-11 00:02:25] Allocating initial buffer of size 1024
[2025-04-11 00:02:25] Reading input characters
[2025-04-11 00:02:33] Input read complete, length: 25 characters
[2025-04-11 00:02:33] Exiting get_string() with valid input
[2025-04-11 00:02:33] Received input: echo hi ma name is kareem
[2025-04-11 00:02:33] Started command timer
[2025-04-11 00:02:33] Checking for multiple spaces
[2025-04-11 00:02:33] Entered checkMultipleSpaces() with string: "echo hi ma name is kareem"
[2025-04-11 00:02:33] Space character found, current count: 1
[2025-04-11 00:02:33] Space character found, current count: 1
[2025-04-11 00:02:33] Space character found, current count: 1
[2025-04-11 00:02:33] Space character found, current count: 1
[2025-04-11 00:02:33] Space character found, current count: 1
[2025-04-11 00:02:33] Exiting checkMultipleSpaces() with result: 0 (no multiple spaces)
[2025-04-11 00:02:33] Space check passed
[2025-04-11 00:02:33] Splitting input into arguments
[2025-04-11 00:02:33] Entered split_to_args() with string: "echo hi ma name is kareem", delimiter: " "
[2025-04-11 00:02:33] Duplicating input string
[2025-04-11 00:02:33] Starting tokenization of string
[2025-04-11 00:02:33] Processing token: "echo"
[2025-04-11 00:02:33] Token added to args array at position 0
[2025-04-11 00:02:33] Processing token: "hi"
[2025-04-11 00:02:33] Token added to args array at position 1
[2025-04-11 00:02:33] Processing token: "ma"
[2025-04-11 00:02:33] Token added to args array at position 2
[2025-04-11 00:02:33] Processing token: "name"
[2025-04-11 00:02:33] Token added to args array at position 3
[2025-04-11 00:02:33] Processing token: "is"
[2025-04-11 00:02:33] Token added to args array at position 4
[2025-04-11 00:02:33] Processing token: "kareem"
[2025-04-11 00:02:33] Token added to args array at position 5
[2025-04-11 00:02:33] Tokenization complete, found 6 arguments
[2025-04-11 00:02:33] Exiting split_to_args() with 6 arguments
[2025-04-11 00:02:33] Arguments successfully parsed, count: 6
[2025-04-11 00:02:33] Arg[0]: echo
[2025-04-11 00:02:33] Arg[1]: hi
[2025-04-11 00:02:33] Arg[2]: ma
[2025-04-11 00:02:33] Arg[3]: name
[2025-04-11 00:02:33] Arg[4]: is
[2025-04-11 00:02:33] Arg[5]: kareem
[2025-04-11 00:02:33] Checking if command is dangerous
[2025-04-11 00:02:33] Entered is_dangerous_command()
[2025-04-11 00:02:33] Checking command "echo" against 4 dangerous commands
[2025-04-11 00:02:33] Comparing with dangerous command 0: "rm -rf /"
[2025-04-11 00:02:33] Entered split_to_args() with string: "rm -rf /", delimiter: " "
[2025-04-11 00:02:33] Duplicating input string
[2025-04-11 00:02:33] Starting tokenization of string
[2025-04-11 00:02:33] Processing token: "rm"
[2025-04-11 00:02:33] Token added to args array at position 0
[2025-04-11 00:02:33] Processing token: "-rf"
[2025-04-11 00:02:33] Token added to args array at position 1
[2025-04-11 00:02:33] Processing token: "/"
[2025-04-11 00:02:33] Token added to args array at position 2
[2025-04-11 00:02:33] Tokenization complete, found 3 arguments
[2025-04-11 00:02:33] Exiting split_to_args() with 3 arguments
[2025-04-11 00:02:33] Comparing command names: "echo" vs "rm"
[2025-04-11 00:02:33] Entered free_args()
[2025-04-11 00:02:33] Freeing argument at index 0
[2025-04-11 00:02:33] Freeing argument at index 1
[2025-04-11 00:02:33] Freeing argument at index 2
[2025-04-11 00:02:33] Freed args array with 3 elements
[2025-04-11 00:02:33] Exiting free_args()
[2025-04-11 00:02:33] Comparing with dangerous command 1: "sudo reboot"
[2025-04-11 00:02:33] Entered split_to_args() with string: "sudo reboot", delimiter: " "
[2025-04-11 00:02:33] Duplicating input string
[2025-04-11 00:02:33] Starting tokenization of string
[2025-04-11 00:02:33] Processing token: "sudo"
[2025-04-11 00:02:33] Token added to args array at position 0
[2025-04-11 00:02:33] Processing token: "reboot"
[2025-04-11 00:02:33] Token added to args array at position 1
[2025-04-11 00:02:33] Tokenization complete, found 2 arguments
[2025-04-11 00:02:33] Exiting split_to_args() with 2 arguments
[2025-04-11 00:02:33] Comparing command names: "echo" vs "sudo"
[2025-04-11 00:02:33] Entered free_args()
[2025-04-11 00:02:33] Freeing argument at index 0
[2025-04-11 00:02:33] Freeing argument at index 1
[2025-04-11 00:02:33] Freed args array with 2 elements
[2025-04-11 00:02:33] Exiting free_args()
[2025-04-11 00:02:33] Comparing with dangerous command 2: "shutdown -h now"
[2025-04-11 00:02:33] Entered split_to_args() with string: "shutdown -h now", delimiter: " "
[2025-04-11 00:02:33] Duplicating input string
[2025-04-11 00:02:33] Starting tokenization of string
[2025-04-11 00:02:33] Processing token: "shutdown"
[2025-04-11 00:02:33] Token added to args array at position 0
[2025-04-11 00:02:33] Processing token: "-h"
[2025-04-11 00:02:33] Token added to args array at position 1
[2025-04-11 00:02:33] Processing token: "now"
[2025-04-11 00:02:33] Token added to args array at position 2
[2025-04-11 00:02:33] Tokenization complete, found 3 arguments
[2025-04-11 00:02:33] Exiting split_to_args() with 3 arguments
[2025-04-11 00:02:33] Comparing command names: "echo" vs "shutdown"
[2025-04-11 00:02:33] Entered free_args()
[2025-04-11 00:02:33] Freeing argument at index 0
[2025-04-11 00:02:33] Freeing argument at index 1
[2025-04-11 00:02:33] Freeing argument at index 2
[2025-04-11 00:02:33] Freed args array with 3 elements
[2025-04-11 00:02:33] Exiting free_args()
[2025-04-11 00:02:33] Comparing with dangerous command 3: "mkfs.ext4 /dev/sda"
[2025-04-11 00:02:33] Entered split_to_args() with string: "mkfs.ext4 /dev/sda", delimiter: " "
[2025-04-11 00:02:33] Duplicating input string
[2025-04-11 00:02:33] Starting tokenization of string
[2025-04-11 00:02:33] Processing token: "mkfs.ext4"
[2025-04-11 00:02:33] Token added to args array at position 0
[2025-04-11 00:02:33] Processing token: "/dev/sda"
[2025-04-11 00:02:33] Token added to args array at position 1
[2025-04-11 00:02:33] Tokenization complete, found 2 arguments
[2025-04-11 00:02:33] Exiting split_to_args() with 2 arguments
[2025-04-11 00:02:33] Comparing command names: "echo" vs "mkfs.ext4"
[2025-04-11 00:02:33] Entered free_args()
[2025-04-11 00:02:33] Freeing argument at index 0
[2025-04-11 00:02:33] Freeing argument at index 1
[2025-04-11 00:02:33] Freed args array with 2 elements
[2025-04-11 00:02:33] Exiting free_args()
[2025-04-11 00:02:33] No dangerous command match found
[2025-04-11 00:02:33] Exiting is_dangerous_command() with result: 0 (safe)
[2025-04-11 00:02:33] Command passed danger check
[2025-04-11 00:02:33] Creating child process to execute command
[2025-04-11 00:02:33] Parent process waiting for child (PID: 19798) to complete
[2025-04-11 00:02:33] Child process started with PID: 19798
[2025-04-11 00:02:33] Executing command: echo
[2025-04-11 00:02:33] Child process completed with status: 0
[2025-04-11 00:02:33] Entered time_diff()
[2025-04-11 00:02:33] Start time: 20408.096115783
[2025-04-11 00:02:33] End time: 20408.103053325
[2025-04-11 00:02:33] Calculated time difference: 0.00694 seconds
[2025-04-11 00:02:33] Exiting time_diff() with result: 0.00694
[2025-04-11 00:02:33] Command execution completed in 0.00694 seconds
[2025-04-11 00:02:33] Entered free_args()
[2025-04-11 00:02:33] Freeing argument at index 0
[2025-04-11 00:02:33] Freeing argument at index 1
[2025-04-11 00:02:33] Freeing argument at index 2
[2025-04-11 00:02:33] Freeing argument at index 3
[2025-04-11 00:02:33] Freeing argument at index 4
[2025-04-11 00:02:33] Freeing argument at index 5
[2025-04-11 00:02:33] Freed args array with 6 elements
[2025-04-11 00:02:33] Exiting free_args()
[2025-04-11 00:02:33] Arguments memory freed
[2025-04-11 00:02:33] Waiting for user input
[2025-04-11 00:02:33] Entered get_string()
[2025-04-11 00:02:33] Allocating initial buffer of size 1024
[2025-04-11 00:02:33] Reading input characters
[2025-04-11 00:10:18] Shell starting up - PID: 19895, User: student
[2025-04-11 00:10:18] Initializing shell environment
[2025-04-11 00:10:18] Loading dangerous commands file: ./f.txt
[2025-04-11 00:10:18] Entered read_file_lines() for file: ./f.txt
[2025-04-11 00:10:18] Entered count_lines() for file: ./f.txt
[2025-04-11 00:10:18] Counting lines in file
[2025-04-11 00:10:18] File contains 4 lines
[2025-04-11 00:10:18] Exiting count_lines() with result: 4
[2025-04-11 00:10:18] Opening file for reading
[2025-04-11 00:10:18] Allocating memory for 4 lines
[2025-04-11 00:10:18] Reading lines from file
[2025-04-11 00:10:18] Read line 0: "rm -rf /"
[2025-04-11 00:10:18] Read line 1: "sudo reboot"
[2025-04-11 00:10:18] Read line 2: "shutdown -h now"
[2025-04-11 00:10:18] Read line 3: "mkfs.ext4 /dev/sda"
[2025-04-11 00:10:18] Successfully read 4 lines from file
[2025-04-11 00:10:18] Exiting read_file_lines()
[2025-04-11 00:10:18] Loaded 4 dangerous commands
[2025-04-11 00:10:18] Entering command processing loop
[2025-04-11 00:10:18] Waiting for user input
[2025-04-11 00:10:18] Entered get_string()
[2025-04-11 00:10:18] Allocating initial buffer of size 1024
[2025-04-11 00:10:18] Reading input characters
[2025-04-11 00:10:26] Input read complete, length: 19 characters
[2025-04-11 00:10:26] Exiting get_string() with valid input
[2025-04-11 00:10:26] Received input: echo hi ma name is 
[2025-04-11 00:10:26] Started command timer
[2025-04-11 00:10:26] Checking for multiple spaces
[2025-04-11 00:10:26] Entered checkMultipleSpaces() with string: "echo hi ma name is "
[2025-04-11 00:10:26] Space character found, current count: 1
[2025-04-11 00:10:26] Space character found, current count: 1
[2025-04-11 00:10:26] Space character found, current count: 1
[2025-04-11 00:10:26] Space character found, current count: 1
[2025-04-11 00:10:26] Space character found, current count: 1
[2025-04-11 00:10:26] Exiting checkMultipleSpaces() with result: 0 (no multiple spaces)
[2025-04-11 00:10:26] Space check passed
[2025-04-11 00:10:26] Splitting input into arguments
[2025-04-11 00:10:26] Entered split_to_args() with string: "echo hi ma name is ", delimiter: " "
[2025-04-11 00:10:26] Duplicating input string
[2025-04-11 00:10:26] Starting tokenization of string
[2025-04-11 00:10:26] Processing token: "echo"
[2025-04-11 00:10:26] Token added to args array at position 0
[2025-04-11 00:10:26] Processing token: "hi"
[2025-04-11 00:10:26] Token added to args array at position 1
[2025-04-11 00:10:26] Processing token: "ma"
[2025-04-11 00:10:26] Token added to args array at position 2
[2025-04-11 00:10:26] Processing token: "name"
[2025-04-11 00:10:26] Token added to args array at position 3
[2025-04-11 00:10:26] Processing token: "is"
[2025-04-11 00:10:26] Token added to args array at position 4
[2025-04-11 00:10:26] Tokenization complete, found 5 arguments
[2025-04-11 00:10:26] Exiting split_to_args() with 5 arguments
[2025-04-11 00:10:26] Arguments successfully parsed, count: 5
[2025-04-11 00:10:26] Arg[0]: echo
[2025-04-11 00:10:26] Arg[1]: hi
[2025-04-11 00:10:26] Arg[2]: ma
[2025-04-11 00:10:26] Arg[3]: name
[2025-04-11 00:10:26] Arg[4]: is
[2025-04-11 00:10:26] Checking if command is dangerous
[2025-04-11 00:10:26] Entered is_dangerous_command()
[2025-04-11 00:10:26] Checking command "echo" against 4 dangerous commands
[2025-04-11 00:10:26] Comparing with dangerous command 0: "rm -rf /"
[2025-04-11 00:10:26] Entered split_to_args() with string: "rm -rf /", delimiter: " "
[2025-04-11 00:10:26] Duplicating input string
[2025-04-11 00:10:26] Starting tokenization of string
[2025-04-11 00:10:26] Processing token: "rm"
[2025-04-11 00:10:26] Token added to args array at position 0
[2025-04-11 00:10:26] Processing token: "-rf"
[2025-04-11 00:10:26] Token added to args array at position 1
[2025-04-11 00:10:26] Processing token: "/"
[2025-04-11 00:10:26] Token added to args array at position 2
[2025-04-11 00:10:26] Tokenization complete, found 3 arguments
[2025-04-11 00:10:26] Exiting split_to_args() with 3 arguments
[2025-04-11 00:10:26] Comparing command names: "echo" vs "rm"
[2025-04-11 00:10:26] Entered free_args()
[2025-04-11 00:10:26] Freeing argument at index 0
[2025-04-11 00:10:26] Freeing argument at index 1
[2025-04-11 00:10:26] Freeing argument at index 2
[2025-04-11 00:10:26] Freed args array with 3 elements
[2025-04-11 00:10:26] Exiting free_args()
[2025-04-11 00:10:26] Comparing with dangerous command 1: "sudo reboot"
[2025-04-11 00:10:26] Entered split_to_args() with string: "sudo reboot", delimiter: " "
[2025-04-11 00:10:26] Duplicating input string
[2025-04-11 00:10:26] Starting tokenization of string
[2025-04-11 00:10:26] Processing token: "sudo"
[2025-04-11 00:10:26] Token added to args array at position 0
[2025-04-11 00:10:26] Processing token: "reboot"
[2025-04-11 00:10:26] Token added to args array at position 1
[2025-04-11 00:10:26] Tokenization complete, found 2 arguments
[2025-04-11 00:10:26] Exiting split_to_args() with 2 arguments
[2025-04-11 00:10:26] Comparing command names: "echo" vs "sudo"
[2025-04-11 00:10:26] Entered free_args()
[2025-04-11 00:10:26] Freeing argument at index 0
[2025-04-11 00:10:26] Freeing argument at index 1
[2025-04-11 00:10:26] Freed args array with 2 elements
[2025-04-11 00:10:26] Exiting free_args()
[2025-04-11 00:10:26] Comparing with dangerous command 2: "shutdown -h now"
[2025-04-11 00:10:26] Entered split_to_args() with string: "shutdown -h now", delimiter: " "
[2025-04-11 00:10:26] Duplicating input string
[2025-04-11 00:10:26] Starting tokenization of string
[2025-04-11 00:10:26] Processing token: "shutdown"
[2025-04-11 00:10:26] Token added to args array at position 0
[2025-04-11 00:10:26] Processing token: "-h"
[2025-04-11 00:10:26] Token added to args array at position 1
[2025-04-11 00:10:26] Processing token: "now"
[2025-04-11 00:10:26] Token added to args array at position 2
[2025-04-11 00:10:26] Tokenization complete, found 3 arguments
[2025-04-11 00:10:26] Exiting split_to_args() with 3 arguments
[2025-04-11 00:10:26] Comparing command names: "echo" vs "shutdown"
[2025-04-11 00:10:26] Entered free_args()
[2025-04-11 00:10:26] Freeing argument at index 0
[2025-04-11 00:10:26] Freeing argument at index 1
[2025-04-11 00:10:26] Freeing argument at index 2
[2025-04-11 00:10:26] Freed args array with 3 elements
[2025-04-11 00:10:26] Exiting free_args()
[2025-04-11 00:10:26] Comparing with dangerous command 3: "mkfs.ext4 /dev/sda"
[2025-04-11 00:10:26] Entered split_to_args() with string: "mkfs.ext4 /dev/sda", delimiter: " "
[2025-04-11 00:10:26] Duplicating input string
[2025-04-11 00:10:26] Starting tokenization of string
[2025-04-11 00:10:26] Processing token: "mkfs.ext4"
[2025-04-11 00:10:26] Token added to args array at position 0
[2025-04-11 00:10:26] Processing token: "/dev/sda"
[2025-04-11 00:10:26] Token added to args array at position 1
[2025-04-11 00:10:26] Tokenization complete, found 2 arguments
[2025-04-11 00:10:26] Exiting split_to_args() with 2 arguments
[2025-04-11 00:10:26] Comparing command names: "echo" vs "mkfs.ext4"
[2025-04-11 00:10:26] Entered free_args()
[2025-04-11 00:10:26] Freeing argument at index 0
[2025-04-11 00:10:26] Freeing argument at index 1
[2025-04-11 00:10:26] Freed args array with 2 elements
[2025-04-11 00:10:26] Exiting free_args()
[2025-04-11 00:10:26] No dangerous command match found
[2025-04-11 00:10:26] Exiting is_dangerous_command() with result: 0 (safe)
[2025-04-11 00:10:26] Command passed danger check
[2025-04-11 00:10:26] Creating child process to execute command
[2025-04-11 00:10:26] Parent process waiting for child (PID: 19896) to complete
[2025-04-11 00:10:26] Child process started with PID: 19896
[2025-04-11 00:10:26] Executing command: echo
[2025-04-11 00:10:26] Child process completed with status: 0
[2025-04-11 00:10:26] Entered time_diff()
[2025-04-11 00:10:26] Start time: 20880.688487335
[2025-04-11 00:10:26] End time: 20880.692083861
[2025-04-11 00:10:26] Calculated time difference: 0.00360 seconds
[2025-04-11 00:10:26] Exiting time_diff() with result: 0.00360
[2025-04-11 00:10:26] Command execution completed in 0.00360 seconds
[2025-04-11 00:10:26] Entered free_args()
[2025-04-11 00:10:26] Freeing argument at index 0
[2025-04-11 00:10:26] Freeing argument at index 1
[2025-04-11 00:10:26] Freeing argument at index 2
[2025-04-11 00:10:26] Freeing argument at index 3
[2025-04-11 00:10:26] Freeing argument at index 4
[2025-04-11 00:10:26] Freed args array with 5 elements
[2025-04-11 00:10:26] Exiting free_args()
[2025-04-11 00:10:26] Arguments memory freed
[2025-04-11 00:10:26] Waiting for user input
[2025-04-11 00:10:26] Entered get_string()
[2025-04-11 00:10:26] Allocating initial buffer of size 1024
[2025-04-11 00:10:26] Reading input characters
[2025-04-11 00:11:53] Shell starting up - PID: 19921, User: student
[2025-04-11 00:11:53] Initializing shell environment
[2025-04-11 00:11:53] Loading dangerous commands file: ./f.txt
[2025-04-11 00:11:53] Entered read_file_lines() for file: ./f.txt
[2025-04-11 00:11:53] Entered count_lines() for file: ./f.txt
[2025-04-11 00:11:53] Counting lines in file
[2025-04-11 00:11:53] File contains 4 lines
[2025-04-11 00:11:53] Exiting count_lines() with result: 4
[2025-04-11 00:11:53] Opening file for reading
[2025-04-11 00:11:53] Allocating memory for 4 lines
[2025-04-11 00:11:53] Reading lines from file
[2025-04-11 00:11:53] Read line 0: "rm -rf /"
[2025-04-11 00:11:53] Read line 1: "sudo reboot"
[2025-04-11 00:11:53] Read line 2: "shutdown -h now"
[2025-04-11 00:11:53] Read line 3: "mkfs.ext4 /dev/sda"
[2025-04-11 00:11:53] Successfully read 4 lines from file
[2025-04-11 00:11:53] Exiting read_file_lines()
[2025-04-11 00:11:53] Loaded 4 dangerous commands
[2025-04-11 00:11:53] Entering command processing loop
[2025-04-11 00:11:53] Waiting for user input
[2025-04-11 00:11:53] Entered get_string()
[2025-04-11 00:11:53] Allocating initial buffer of size 1024
[2025-04-11 00:11:53] Reading input characters
[2025-04-11 20:41:52] Shell starting up - PID: 3562, User: student
[2025-04-11 20:41:52] Initializing shell environment
[2025-04-11 20:41:52] Loading dangerous commands file: ./f.txt
[2025-04-11 20:41:52] Entered read_file_lines() for file: ./f.txt
[2025-04-11 20:41:52] Entered count_lines() for file: ./f.txt
[2025-04-11 20:41:52] Counting lines in file
[2025-04-11 20:41:52] File contains 4 lines
[2025-04-11 20:41:52] Exiting count_lines() with result: 4
[2025-04-11 20:41:52] Opening file for reading
[2025-04-11 20:41:52] Allocating memory for 4 lines
[2025-04-11 20:41:52] Reading lines from file
[2025-04-11 20:41:52] Read line 0: "rm -rf /"
[2025-04-11 20:41:52] Read line 1: "sudo reboot"
[2025-04-11 20:41:52] Read line 2: "shutdown -h now"
[2025-04-11 20:41:52] Read line 3: "mkfs.ext4 /dev/sda"
[2025-04-11 20:41:52] Successfully read 4 lines from file
[2025-04-11 20:41:52] Exiting read_file_lines()
[2025-04-11 20:41:52] Loaded 4 dangerous commands
[2025-04-11 20:41:52] Entering command processing loop
[2025-04-11 20:41:52] Waiting for user input
[2025-04-11 20:41:52] Entered get_string()
[2025-04-11 20:41:52] Allocating initial buffer of size 1024
[2025-04-11 20:41:52] Reading input characters
[2025-04-11 20:42:32] Input read complete, length: 5 characters
[2025-04-11 20:42:32] Exiting get_string() with valid input
[2025-04-11 20:42:32] Received input: ls -l
[2025-04-11 20:42:32] Started command timer
[2025-04-11 20:42:32] Checking for multiple spaces
[2025-04-11 20:42:32] Entered checkMultipleSpaces() with string: "ls -l"
[2025-04-11 20:42:32] Space character found, current count: 1
[2025-04-11 20:42:32] Exiting checkMultipleSpaces() with result: 0 (no multiple spaces)
[2025-04-11 20:42:32] Space check passed
[2025-04-11 20:42:32] Splitting input into arguments
[2025-04-11 20:42:32] Entered split_to_args() with string: "ls -l", delimiter: " "
[2025-04-11 20:42:32] Duplicating input string
[2025-04-11 20:42:32] Starting tokenization of string
[2025-04-11 20:42:32] Processing token: "ls"
[2025-04-11 20:42:32] Token added to args array at position 0
[2025-04-11 20:42:32] Processing token: "-l"
[2025-04-11 20:42:32] Token added to args array at position 1
[2025-04-11 20:42:32] Tokenization complete, found 2 arguments
[2025-04-11 20:42:32] Exiting split_to_args() with 2 arguments
[2025-04-11 20:42:32] Arguments successfully parsed, count: 2
[2025-04-11 20:42:32] Arg[0]: ls
[2025-04-11 20:42:32] Arg[1]: -l
[2025-04-11 20:42:32] Checking if command is dangerous
[2025-04-11 20:42:32] Entered is_dangerous_command()
[2025-04-11 20:42:32] Checking command "ls" against 4 dangerous commands
[2025-04-11 20:42:32] Comparing with dangerous command 0: "rm -rf /"
[2025-04-11 20:42:32] Entered split_to_args() with string: "rm -rf /", delimiter: " "
[2025-04-11 20:42:32] Duplicating input string
[2025-04-11 20:42:32] Starting tokenization of string
[2025-04-11 20:42:32] Processing token: "rm"
[2025-04-11 20:42:32] Token added to args array at position 0
[2025-04-11 20:42:32] Processing token: "-rf"
[2025-04-11 20:42:32] Token added to args array at position 1
[2025-04-11 20:42:32] Processing token: "/"
[2025-04-11 20:42:32] Token added to args array at position 2
[2025-04-11 20:42:32] Tokenization complete, found 3 arguments
[2025-04-11 20:42:32] Exiting split_to_args() with 3 arguments
[2025-04-11 20:42:32] Comparing command names: "ls" vs "rm"
[2025-04-11 20:42:32] Entered free_args()
[2025-04-11 20:42:32] Freeing argument at index 0
[2025-04-11 20:42:32] Freeing argument at index 1
[2025-04-11 20:42:32] Freeing argument at index 2
[2025-04-11 20:42:32] Freed args array with 3 elements
[2025-04-11 20:42:32] Exiting free_args()
[2025-04-11 20:42:32] Comparing with dangerous command 1: "sudo reboot"
[2025-04-11 20:42:32] Entered split_to_args() with string: "sudo reboot", delimiter: " "
[2025-04-11 20:42:32] Duplicating input string
[2025-04-11 20:42:32] Starting tokenization of string
[2025-04-11 20:42:32] Processing token: "sudo"
[2025-04-11 20:42:32] Token added to args array at position 0
[2025-04-11 20:42:32] Processing token: "reboot"
[2025-04-11 20:42:32] Token added to args array at position 1
[2025-04-11 20:42:32] Tokenization complete, found 2 arguments
[2025-04-11 20:42:32] Exiting split_to_args() with 2 arguments
[2025-04-11 20:42:32] Comparing command names: "ls" vs "sudo"
[2025-04-11 20:42:32] Entered free_args()
[2025-04-11 20:42:32] Freeing argument at index 0
[2025-04-11 20:42:32] Freeing argument at index 1
[2025-04-11 20:42:32] Freed args array with 2 elements
[2025-04-11 20:42:32] Exiting free_args()
[2025-04-11 20:42:32] Comparing with dangerous command 2: "shutdown -h now"
[2025-04-11 20:42:32] Entered split_to_args() with string: "shutdown -h now", delimiter: " "
[2025-04-11 20:42:32] Duplicating input string
[2025-04-11 20:42:32] Starting tokenization of string
[2025-04-11 20:42:32] Processing token: "shutdown"
[2025-04-11 20:42:32] Token added to args array at position 0
[2025-04-11 20:42:32] Processing token: "-h"
[2025-04-11 20:42:32] Token added to args array at position 1
[2025-04-11 20:42:32] Processing token: "now"
[2025-04-11 20:42:32] Token added to args array at position 2
[2025-04-11 20:42:32] Tokenization complete, found 3 arguments
[2025-04-11 20:42:32] Exiting split_to_args() with 3 arguments
[2025-04-11 20:42:32] Comparing command names: "ls" vs "shutdown"
[2025-04-11 20:42:32] Entered free_args()
[2025-04-11 20:42:32] Freeing argument at index 0
[2025-04-11 20:42:32] Freeing argument at index 1
[2025-04-11 20:42:32] Freeing argument at index 2
[2025-04-11 20:42:32] Freed args array with 3 elements
[2025-04-11 20:42:32] Exiting free_args()
[2025-04-11 20:42:32] Comparing with dangerous command 3: "mkfs.ext4 /dev/sda"
[2025-04-11 20:42:32] Entered split_to_args() with string: "mkfs.ext4 /dev/sda", delimiter: " "
[2025-04-11 20:42:32] Duplicating input string
[2025-04-11 20:42:32] Starting tokenization of string
[2025-04-11 20:42:32] Processing token: "mkfs.ext4"
[2025-04-11 20:42:32] Token added to args array at position 0
[2025-04-11 20:42:32] Processing token: "/dev/sda"
[2025-04-11 20:42:32] Token added to args array at position 1
[2025-04-11 20:42:32] Tokenization complete, found 2 arguments
[2025-04-11 20:42:32] Exiting split_to_args() with 2 arguments
[2025-04-11 20:42:32] Comparing command names: "ls" vs "mkfs.ext4"
[2025-04-11 20:42:32] Entered free_args()
[2025-04-11 20:42:32] Freeing argument at index 0
[2025-04-11 20:42:32] Freeing argument at index 1
[2025-04-11 20:42:32] Freed args array with 2 elements
[2025-04-11 20:42:32] Exiting free_args()
[2025-04-11 20:42:32] No dangerous command match found
[2025-04-11 20:42:32] Exiting is_dangerous_command() with result: 0 (safe)
[2025-04-11 20:42:32] Command passed danger check
[2025-04-11 20:42:32] Creating child process to execute command
[2025-04-11 20:42:32] Parent process waiting for child (PID: 3571) to complete
[2025-04-11 20:42:32] Child process started with PID: 3571
[2025-04-11 20:42:32] Executing command: ls
[2025-04-11 20:42:32] Child process completed with status: 0
[2025-04-11 20:42:32] Entered time_diff()
[2025-04-11 20:42:32] Start time: 121.362075388
[2025-04-11 20:42:32] End time: 121.374788187
[2025-04-11 20:42:32] Calculated time difference: 0.01271 seconds
[2025-04-11 20:42:32] Exiting time_diff() with result: 0.01271
[2025-04-11 20:42:32] Command execution completed in 0.01271 seconds
[2025-04-11 20:42:32] Entered free_args()
[2025-04-11 20:42:32] Freeing argument at index 0
[2025-04-11 20:42:32] Freeing argument at index 1
[2025-04-11 20:42:32] Freed args array with 2 elements
[2025-04-11 20:42:32] Exiting free_args()
[2025-04-11 20:42:32] Arguments memory freed
[2025-04-11 20:42:32] Waiting for user input
[2025-04-11 20:42:32] Entered get_string()
[2025-04-11 20:42:32] Allocating initial buffer of size 1024
[2025-04-11 20:42:32] Reading input characters
